<?xml version="1.0" encoding="UTF-8"?>
<robot generator="Robot 7.2.2 (Python 3.12.3 on linux)" generated="2025-04-25T12:09:38.948868" rpa="false" schemaversion="5">
<suite id="s1" name="Tests" source="/home/marcelo/Desenvolvimento/ronbugado-academy13-front-robot/tests">
<suite id="s1-s1" name="Web" source="/home/marcelo/Desenvolvimento/ronbugado-academy13-front-robot/tests/web.robot">
<test id="s1-s1-t1" name="Login de Sucesso" line="18">
<kw name="Realiza Login de Acesso">
<kw name="Abrir o navegador">
<kw name="Open Browser" owner="SeleniumLibrary">
<msg time="2025-04-25T12:09:39.242959" level="INFO">Opening browser 'chrome' to base url 'https://automacao.qacoders-academy.com.br/login'.</msg>
<arg>${URL}</arg>
<arg>${BROWSER}</arg>
<doc>Opens a new browser instance to the optional ``url``.</doc>
<status status="PASS" start="2025-04-25T12:09:39.242790" elapsed="0.666623"/>
</kw>
<status status="PASS" start="2025-04-25T12:09:39.242249" elapsed="0.667392"/>
</kw>
<kw name="Input Text" owner="SeleniumLibrary">
<msg time="2025-04-25T12:09:39.910552" level="INFO">Typing text 'sysadmin@qacoders.com' into text field '//input[@id="email"]'.</msg>
<arg>${input_email}</arg>
<arg>${mailAdminValid}</arg>
<doc>Types the given ``text`` into the text field identified by ``locator``.</doc>
<status status="PASS" start="2025-04-25T12:09:39.909852" elapsed="0.107382"/>
</kw>
<kw name="Input Text" owner="SeleniumLibrary">
<msg time="2025-04-25T12:09:40.017647" level="INFO">Typing text '1234@Test' into text field '//*[@id="password"]'.</msg>
<arg>${input_senha}</arg>
<arg>${passwordAdminValid}</arg>
<doc>Types the given ``text`` into the text field identified by ``locator``.</doc>
<status status="PASS" start="2025-04-25T12:09:40.017420" elapsed="0.046992"/>
</kw>
<kw name="Click Button" owner="SeleniumLibrary">
<msg time="2025-04-25T12:09:40.064794" level="INFO">Clicking button '//button[text()='Entrar']'.</msg>
<arg>${btn-entrar}</arg>
<doc>Clicks the button identified by ``locator``.</doc>
<status status="PASS" start="2025-04-25T12:09:40.064602" elapsed="0.050385"/>
</kw>
<kw name="Capture Page Screenshot" owner="SeleniumLibrary">
<msg time="2025-04-25T12:09:40.215964" level="INFO" html="true">&lt;/td&gt;&lt;/tr&gt;&lt;tr&gt;&lt;td colspan="3"&gt;&lt;a href="20518LoginSucesso.png"&gt;&lt;img src="20518LoginSucesso.png" width="800px"&gt;&lt;/a&gt;</msg>
<arg>filename=20518LoginSucesso.png</arg>
<doc>Takes a screenshot of the current page and embeds it into a log file.</doc>
<status status="PASS" start="2025-04-25T12:09:40.115178" elapsed="0.100915"/>
</kw>
<arg>${mailAdminValid}</arg>
<arg>${passwordAdminValid}</arg>
<status status="PASS" start="2025-04-25T12:09:39.241973" elapsed="0.974223"/>
</kw>
<doc>Realiza login com [mailAdminValid] e [passwordAdminValid]</doc>
<tag>LoginSucesso</tag>
<status status="PASS" start="2025-04-25T12:09:39.241455" elapsed="0.974891"/>
</test>
<test id="s1-s1-t2" name="Cadastrar Novo Centro de Custo" line="25">
<kw name="Realiza Login de Acesso">
<kw name="Abrir o navegador">
<kw name="Open Browser" owner="SeleniumLibrary">
<msg time="2025-04-25T12:09:40.217421" level="INFO">Opening browser 'chrome' to base url 'https://automacao.qacoders-academy.com.br/login'.</msg>
<arg>${URL}</arg>
<arg>${BROWSER}</arg>
<doc>Opens a new browser instance to the optional ``url``.</doc>
<status status="PASS" start="2025-04-25T12:09:40.217276" elapsed="0.658544"/>
</kw>
<status status="PASS" start="2025-04-25T12:09:40.217110" elapsed="0.658885"/>
</kw>
<kw name="Input Text" owner="SeleniumLibrary">
<msg time="2025-04-25T12:09:40.876578" level="INFO">Typing text 'sysadmin@qacoders.com' into text field '//input[@id="email"]'.</msg>
<arg>${input_email}</arg>
<arg>${mailAdminValid}</arg>
<doc>Types the given ``text`` into the text field identified by ``locator``.</doc>
<status status="PASS" start="2025-04-25T12:09:40.876220" elapsed="0.106898"/>
</kw>
<kw name="Input Text" owner="SeleniumLibrary">
<msg time="2025-04-25T12:09:40.983528" level="INFO">Typing text '1234@Test' into text field '//*[@id="password"]'.</msg>
<arg>${input_senha}</arg>
<arg>${passwordAdminValid}</arg>
<doc>Types the given ``text`` into the text field identified by ``locator``.</doc>
<status status="PASS" start="2025-04-25T12:09:40.983301" elapsed="0.043559"/>
</kw>
<kw name="Click Button" owner="SeleniumLibrary">
<msg time="2025-04-25T12:09:41.027241" level="INFO">Clicking button '//button[text()='Entrar']'.</msg>
<arg>${btn-entrar}</arg>
<doc>Clicks the button identified by ``locator``.</doc>
<status status="PASS" start="2025-04-25T12:09:41.027046" elapsed="0.052274"/>
</kw>
<kw name="Capture Page Screenshot" owner="SeleniumLibrary">
<msg time="2025-04-25T12:09:41.217462" level="INFO" html="true">&lt;/td&gt;&lt;/tr&gt;&lt;tr&gt;&lt;td colspan="3"&gt;&lt;a href="20518LoginSucesso.png"&gt;&lt;img src="20518LoginSucesso.png" width="800px"&gt;&lt;/a&gt;</msg>
<arg>filename=20518LoginSucesso.png</arg>
<doc>Takes a screenshot of the current page and embeds it into a log file.</doc>
<status status="PASS" start="2025-04-25T12:09:41.079551" elapsed="0.138047"/>
</kw>
<arg>${mailAdminValid}</arg>
<arg>${passwordAdminValid}</arg>
<status status="PASS" start="2025-04-25T12:09:40.216885" elapsed="1.000852"/>
</kw>
<kw name="Cadastrar Novo Centro de Custo">
<kw name="Fake Company" owner="get_faker">
<msg time="2025-04-25T12:09:41.240771" level="INFO">${dadosEmpresa} = {'empresa': 'da Conceição e Filhos', 'cnpj': '71.584.603/0001-26', 'telefone': '5584907954765', 'email': 'casa-grandeeloa@carvalho.com', 'cep': '03607-845', 'cidade': 'Camargo de Barros', 'estado': 'R...</msg>
<var>${dadosEmpresa}</var>
<status status="PASS" start="2025-04-25T12:09:41.218165" elapsed="0.022670"/>
</kw>
<kw name="Wait Until Element Is Visible" owner="SeleniumLibrary">
<msg time="2025-04-25T12:09:46.358666" level="INFO" html="true">&lt;/td&gt;&lt;/tr&gt;&lt;tr&gt;&lt;td colspan="3"&gt;&lt;a href="selenium-screenshot-1.png"&gt;&lt;img src="selenium-screenshot-1.png" width="800px"&gt;&lt;/a&gt;</msg>
<msg time="2025-04-25T12:09:46.358853" level="FAIL">Element '//span[contains(.,'Cadastros')]' not visible after 5 seconds.</msg>
<arg>locator=${btn_cadastros}</arg>
<doc>Waits until the element ``locator`` is visible.</doc>
<status status="FAIL" start="2025-04-25T12:09:41.241048" elapsed="5.118899">Element '//span[contains(.,'Cadastros')]' not visible after 5 seconds.</status>
</kw>
<kw name="Click Element" owner="SeleniumLibrary">
<arg>${btn_cadastros}</arg>
<doc>Click the element identified by ``locator``.</doc>
<status status="NOT RUN" start="2025-04-25T12:09:46.360114" elapsed="0.000029"/>
</kw>
<kw name="Click Element" owner="SeleniumLibrary">
<arg>${btn_centro}</arg>
<doc>Click the element identified by ``locator``.</doc>
<status status="NOT RUN" start="2025-04-25T12:09:46.360210" elapsed="0.000018"/>
</kw>
<kw name="Wait Until Element Is Visible" owner="SeleniumLibrary">
<arg>${btn_novo_cadastro}</arg>
<doc>Waits until the element ``locator`` is visible.</doc>
<status status="NOT RUN" start="2025-04-25T12:09:46.360290" elapsed="0.000019"/>
</kw>
<kw name="Click Element" owner="SeleniumLibrary">
<arg>${btn_novo_cadastro}</arg>
<doc>Click the element identified by ``locator``.</doc>
<status status="NOT RUN" start="2025-04-25T12:09:46.360368" elapsed="0.000018"/>
</kw>
<kw name="Input Text" owner="SeleniumLibrary">
<arg>${input_costcentername}</arg>
<arg>text=${dadosEmpresa["diretoria"]}</arg>
<doc>Types the given ``text`` into the text field identified by ``locator``.</doc>
<status status="NOT RUN" start="2025-04-25T12:09:46.360452" elapsed="0.000023"/>
</kw>
<kw name="Wait Until Element Is Visible" owner="SeleniumLibrary">
<arg>${id_diretoria}</arg>
<doc>Waits until the element ``locator`` is visible.</doc>
<status status="NOT RUN" start="2025-04-25T12:09:46.360544" elapsed="0.000016"/>
</kw>
<kw name="Sleep" owner="BuiltIn">
<arg>time_=2</arg>
<doc>Pauses the test executed for the given time.</doc>
<status status="NOT RUN" start="2025-04-25T12:09:46.360622" elapsed="0.000014"/>
</kw>
<kw name="Select From List By Label" owner="SeleniumLibrary">
<arg>${id_diretoria}</arg>
<arg>${diretoria}</arg>
<doc>Selects options from selection list ``locator`` by ``labels``.</doc>
<status status="NOT RUN" start="2025-04-25T12:09:46.360691" elapsed="0.000014"/>
</kw>
<kw name="Click Element" owner="SeleniumLibrary">
<arg>${btn_save}</arg>
<doc>Click the element identified by ``locator``.</doc>
<status status="NOT RUN" start="2025-04-25T12:09:46.360800" elapsed="0.000017"/>
</kw>
<kw name="Sleep" owner="BuiltIn">
<arg>time_=1</arg>
<doc>Pauses the test executed for the given time.</doc>
<status status="NOT RUN" start="2025-04-25T12:09:46.360880" elapsed="0.000016"/>
</kw>
<kw name="Capture Page Screenshot" owner="SeleniumLibrary">
<arg>filename=20624CadastrarCentroCusto.png</arg>
<doc>Takes a screenshot of the current page and embeds it into a log file.</doc>
<status status="NOT RUN" start="2025-04-25T12:09:46.360968" elapsed="0.000015"/>
</kw>
<kw name="Fechar Navegador">
<status status="NOT RUN" start="2025-04-25T12:09:46.361071" elapsed="0.000019"/>
</kw>
<status status="FAIL" start="2025-04-25T12:09:41.217958" elapsed="5.143215">Element '//span[contains(.,'Cadastros')]' not visible after 5 seconds.</status>
</kw>
<doc>Realiza o cadastro de um novo centro de custo</doc>
<tag>CadastroCen</tag>
<status status="FAIL" start="2025-04-25T12:09:40.216561" elapsed="6.144758">Element '//span[contains(.,'Cadastros')]' not visible after 5 seconds.</status>
</test>
<test id="s1-s1-t3" name="Editar Centro de Custo" line="32">
<kw name="Realiza Login de Acesso">
<kw name="Abrir o navegador">
<kw name="Open Browser" owner="SeleniumLibrary">
<msg time="2025-04-25T12:09:46.362290" level="INFO">Opening browser 'chrome' to base url 'https://automacao.qacoders-academy.com.br/login'.</msg>
<arg>${URL}</arg>
<arg>${BROWSER}</arg>
<doc>Opens a new browser instance to the optional ``url``.</doc>
<status status="PASS" start="2025-04-25T12:09:46.362157" elapsed="0.654572"/>
</kw>
<status status="PASS" start="2025-04-25T12:09:46.362017" elapsed="0.654816"/>
</kw>
<kw name="Input Text" owner="SeleniumLibrary">
<msg time="2025-04-25T12:09:47.017160" level="INFO">Typing text 'sysadmin@qacoders.com' into text field '//input[@id="email"]'.</msg>
<arg>${input_email}</arg>
<arg>${mailAdminValid}</arg>
<doc>Types the given ``text`` into the text field identified by ``locator``.</doc>
<status status="PASS" start="2025-04-25T12:09:47.016959" elapsed="0.121400"/>
</kw>
<kw name="Input Text" owner="SeleniumLibrary">
<msg time="2025-04-25T12:09:47.139160" level="INFO">Typing text '1234@Test' into text field '//*[@id="password"]'.</msg>
<arg>${input_senha}</arg>
<arg>${passwordAdminValid}</arg>
<doc>Types the given ``text`` into the text field identified by ``locator``.</doc>
<status status="PASS" start="2025-04-25T12:09:47.138731" elapsed="0.046192"/>
</kw>
<kw name="Click Button" owner="SeleniumLibrary">
<msg time="2025-04-25T12:09:47.185308" level="INFO">Clicking button '//button[text()='Entrar']'.</msg>
<arg>${btn-entrar}</arg>
<doc>Clicks the button identified by ``locator``.</doc>
<status status="PASS" start="2025-04-25T12:09:47.185116" elapsed="0.048387"/>
</kw>
<kw name="Capture Page Screenshot" owner="SeleniumLibrary">
<msg time="2025-04-25T12:09:47.299241" level="INFO" html="true">&lt;/td&gt;&lt;/tr&gt;&lt;tr&gt;&lt;td colspan="3"&gt;&lt;a href="20518LoginSucesso.png"&gt;&lt;img src="20518LoginSucesso.png" width="800px"&gt;&lt;/a&gt;</msg>
<arg>filename=20518LoginSucesso.png</arg>
<doc>Takes a screenshot of the current page and embeds it into a log file.</doc>
<status status="PASS" start="2025-04-25T12:09:47.233701" elapsed="0.065718"/>
</kw>
<arg>${mailAdminValid}</arg>
<arg>${passwordAdminValid}</arg>
<status status="PASS" start="2025-04-25T12:09:46.361814" elapsed="0.937746"/>
</kw>
<kw name="Editar Centro de Custo">
<kw name="Wait Until Element Is Visible" owner="SeleniumLibrary">
<arg>locator=${btn_cadastros}</arg>
<arg>timeout=5s</arg>
<doc>Waits until the element ``locator`` is visible.</doc>
<status status="PASS" start="2025-04-25T12:09:47.300080" elapsed="3.798286"/>
</kw>
<kw name="Click Element" owner="SeleniumLibrary">
<msg time="2025-04-25T12:09:51.098813" level="INFO">Clicking element '//span[contains(.,'Cadastros')]'.</msg>
<arg>${btn_cadastros}</arg>
<doc>Click the element identified by ``locator``.</doc>
<status status="PASS" start="2025-04-25T12:09:51.098595" elapsed="0.037317"/>
</kw>
<kw name="Click Element" owner="SeleniumLibrary">
<msg time="2025-04-25T12:09:51.136311" level="INFO">Clicking element '//span[contains(.,'Centro de Custo')]'.</msg>
<arg>${btn_centro}</arg>
<doc>Click the element identified by ``locator``.</doc>
<status status="PASS" start="2025-04-25T12:09:51.136108" elapsed="0.036856"/>
</kw>
<kw name="Wait Until Element Is Visible" owner="SeleniumLibrary">
<arg>${edit_1}</arg>
<doc>Waits until the element ``locator`` is visible.</doc>
<status status="PASS" start="2025-04-25T12:09:51.173154" elapsed="1.037561"/>
</kw>
<kw name="Get Value" owner="SeleniumLibrary">
<msg time="2025-04-25T12:09:52.220583" level="INFO">${vi_costCentername} = None</msg>
<var>${vi_costCentername}</var>
<arg>${li_1}</arg>
<doc>Returns the value attribute of the element identified by ``locator``.</doc>
<status status="PASS" start="2025-04-25T12:09:52.210907" elapsed="0.009714"/>
</kw>
<kw name="Click Element" owner="SeleniumLibrary">
<msg time="2025-04-25T12:09:52.220916" level="INFO">Clicking element '//*[@id="edit"][1]'.</msg>
<arg>${edit_1}</arg>
<doc>Click the element identified by ``locator``.</doc>
<status status="PASS" start="2025-04-25T12:09:52.220761" elapsed="0.041326"/>
</kw>
<kw name="Wait Until Element Is Visible" owner="SeleniumLibrary">
<arg>locator=//*[@id="costCentername"]</arg>
<doc>Waits until the element ``locator`` is visible.</doc>
<status status="PASS" start="2025-04-25T12:09:52.262351" elapsed="0.012203"/>
</kw>
<kw name="Set Variable" owner="BuiltIn">
<msg time="2025-04-25T12:09:52.274943" level="INFO">${vf_costCentername} = None&amp; Atualizado</msg>
<var>${vf_costCentername}</var>
<arg>${vi_costCentername}${atualizado2}</arg>
<doc>Returns the given values which can then be assigned to a variables.</doc>
<status status="PASS" start="2025-04-25T12:09:52.274743" elapsed="0.000224"/>
</kw>
<kw name="Input Text" owner="SeleniumLibrary">
<msg time="2025-04-25T12:09:52.275201" level="INFO">Typing text 'None&amp; Atualizado' into text field '//*[@id="costCentername"]'.</msg>
<arg>//*[@id="costCentername"]</arg>
<arg>${vf_costCentername}</arg>
<doc>Types the given ``text`` into the text field identified by ``locator``.</doc>
<status status="PASS" start="2025-04-25T12:09:52.275052" elapsed="0.059370"/>
</kw>
<kw name="Click Element" owner="SeleniumLibrary">
<msg time="2025-04-25T12:09:52.335095" level="INFO">Clicking element '//button[@id='save']'.</msg>
<arg>${btn_save}</arg>
<doc>Click the element identified by ``locator``.</doc>
<status status="PASS" start="2025-04-25T12:09:52.334720" elapsed="0.052224"/>
</kw>
<kw name="Element Should Be Visible" owner="SeleniumLibrary">
<msg time="2025-04-25T12:09:52.398654" level="INFO">Element '//button[@id='Novo Cadastro']' is displayed.</msg>
<arg>locator=${btn_novo_cadastro}</arg>
<doc>Verifies that the element identified by ``locator`` is visible.</doc>
<status status="PASS" start="2025-04-25T12:09:52.387124" elapsed="0.011614"/>
</kw>
<kw name="Capture Page Screenshot" owner="SeleniumLibrary">
<msg time="2025-04-25T12:09:52.510151" level="INFO" html="true">&lt;/td&gt;&lt;/tr&gt;&lt;tr&gt;&lt;td colspan="3"&gt;&lt;a href="20626EditarCentroCusto.png"&gt;&lt;img src="20626EditarCentroCusto.png" width="800px"&gt;&lt;/a&gt;</msg>
<arg>filename=20626EditarCentroCusto.png</arg>
<doc>Takes a screenshot of the current page and embeds it into a log file.</doc>
<status status="PASS" start="2025-04-25T12:09:52.398890" elapsed="0.111424"/>
</kw>
<kw name="Fechar Navegador">
<kw name="Close Browser" owner="SeleniumLibrary">
<doc>Closes the current browser.</doc>
<status status="PASS" start="2025-04-25T12:09:52.510806" elapsed="0.081547"/>
</kw>
<status status="PASS" start="2025-04-25T12:09:52.510519" elapsed="0.082084"/>
</kw>
<status status="PASS" start="2025-04-25T12:09:47.299820" elapsed="5.292843"/>
</kw>
<doc>Realiza a edição do Centro de Custo, recebendo o nome do Centro de Custo [cent]</doc>
<tag>EditarCent</tag>
<status status="PASS" start="2025-04-25T12:09:46.361533" elapsed="6.231363"/>
</test>
<test id="s1-s1-t4" name="Listar Centro de Custo" line="39">
<kw name="Realiza Login de Acesso">
<kw name="Abrir o navegador">
<kw name="Open Browser" owner="SeleniumLibrary">
<msg time="2025-04-25T12:09:52.594737" level="INFO">Opening browser 'chrome' to base url 'https://automacao.qacoders-academy.com.br/login'.</msg>
<arg>${URL}</arg>
<arg>${BROWSER}</arg>
<doc>Opens a new browser instance to the optional ``url``.</doc>
<status status="PASS" start="2025-04-25T12:09:52.594554" elapsed="0.660684"/>
</kw>
<status status="PASS" start="2025-04-25T12:09:52.594336" elapsed="0.661026"/>
</kw>
<kw name="Input Text" owner="SeleniumLibrary">
<msg time="2025-04-25T12:09:53.255892" level="INFO">Typing text 'sysadmin@qacoders.com' into text field '//input[@id="email"]'.</msg>
<arg>${input_email}</arg>
<arg>${mailAdminValid}</arg>
<doc>Types the given ``text`` into the text field identified by ``locator``.</doc>
<status status="PASS" start="2025-04-25T12:09:53.255517" elapsed="0.110355"/>
</kw>
<kw name="Input Text" owner="SeleniumLibrary">
<msg time="2025-04-25T12:09:53.366488" level="INFO">Typing text '1234@Test' into text field '//*[@id="password"]'.</msg>
<arg>${input_senha}</arg>
<arg>${passwordAdminValid}</arg>
<doc>Types the given ``text`` into the text field identified by ``locator``.</doc>
<status status="PASS" start="2025-04-25T12:09:53.366181" elapsed="0.046581"/>
</kw>
<kw name="Click Button" owner="SeleniumLibrary">
<msg time="2025-04-25T12:09:53.413125" level="INFO">Clicking button '//button[text()='Entrar']'.</msg>
<arg>${btn-entrar}</arg>
<doc>Clicks the button identified by ``locator``.</doc>
<status status="PASS" start="2025-04-25T12:09:53.412938" elapsed="0.046513"/>
</kw>
<kw name="Capture Page Screenshot" owner="SeleniumLibrary">
<msg time="2025-04-25T12:09:53.525935" level="INFO" html="true">&lt;/td&gt;&lt;/tr&gt;&lt;tr&gt;&lt;td colspan="3"&gt;&lt;a href="20518LoginSucesso.png"&gt;&lt;img src="20518LoginSucesso.png" width="800px"&gt;&lt;/a&gt;</msg>
<arg>filename=20518LoginSucesso.png</arg>
<doc>Takes a screenshot of the current page and embeds it into a log file.</doc>
<status status="PASS" start="2025-04-25T12:09:53.459657" elapsed="0.066388"/>
</kw>
<arg>${mailAdminValid}</arg>
<arg>${passwordAdminValid}</arg>
<status status="PASS" start="2025-04-25T12:09:52.594044" elapsed="0.932094"/>
</kw>
<kw name="Listar Centro de Custo">
<kw name="Wait Until Element Is Visible" owner="SeleniumLibrary">
<arg>locator=${btn_cadastros}</arg>
<arg>timeout=5s</arg>
<doc>Waits until the element ``locator`` is visible.</doc>
<status status="PASS" start="2025-04-25T12:09:53.526638" elapsed="0.224117"/>
</kw>
<kw name="Click Element" owner="SeleniumLibrary">
<msg time="2025-04-25T12:09:53.751120" level="INFO">Clicking element '//span[contains(.,'Cadastros')]'.</msg>
<msg time="2025-04-25T12:09:53.854602" level="INFO" html="true">&lt;/td&gt;&lt;/tr&gt;&lt;tr&gt;&lt;td colspan="3"&gt;&lt;a href="selenium-screenshot-2.png"&gt;&lt;img src="selenium-screenshot-2.png" width="800px"&gt;&lt;/a&gt;</msg>
<msg time="2025-04-25T12:09:53.854749" level="FAIL">StaleElementReferenceException: Message: stale element reference: stale element not found in the current frame
  (Session info: chrome=135.0.7049.95); For documentation on this error, please visit: https://www.selenium.dev/documentation/webdriver/troubleshooting/errors#stale-element-reference-exception
Stacktrace:
#0 0x628bac64075a &lt;unknown&gt;
#1 0x628bac0f34b0 &lt;unknown&gt;
#2 0x628bac0fa0b6 &lt;unknown&gt;
#3 0x628bac0fc928 &lt;unknown&gt;
#4 0x628bac0fc9b3 &lt;unknown&gt;
#5 0x628bac148eb4 &lt;unknown&gt;
#6 0x628bac146ce2 &lt;unknown&gt;
#7 0x628bac1463e0 &lt;unknown&gt;
#8 0x628bac138ded &lt;unknown&gt;
#9 0x628bac16a592 &lt;unknown&gt;
#10 0x628bac13836a &lt;unknown&gt;
#11 0x628bac16a75e &lt;unknown&gt;
#12 0x628bac1905e0 &lt;unknown&gt;
#13 0x628bac16a363 &lt;unknown&gt;
#14 0x628bac136d63 &lt;unknown&gt;
#15 0x628bac1379c1 &lt;unknown&gt;
#16 0x628bac605a6b &lt;unknown&gt;
#17 0x628bac609951 &lt;unknown&gt;
#18 0x628bac5edb62 &lt;unknown&gt;
#19 0x628bac60a4c4 &lt;unknown&gt;
#20 0x628bac5d213f &lt;unknown&gt;
#21 0x628bac62e6f8 &lt;unknown&gt;
#22 0x628bac62e8d6 &lt;unknown&gt;
#23 0x628bac63f5a6 &lt;unknown&gt;
#24 0x7c8163a9caa4 &lt;unknown&gt;
#25 0x7c8163b29c3c &lt;unknown&gt;
</msg>
<arg>${btn_cadastros}</arg>
<doc>Click the element identified by ``locator``.</doc>
<status status="FAIL" start="2025-04-25T12:09:53.750930" elapsed="0.104588">StaleElementReferenceException: Message: stale element reference: stale element not found in the current frame
  (Session info: chrome=135.0.7049.95); For documentation on this error, please visit: https://www.selenium.dev/documentation/webdriver/troubleshooting/errors#stale-element-reference-exception
Stacktrace:
#0 0x628bac64075a &lt;unknown&gt;
#1 0x628bac0f34b0 &lt;unknown&gt;
#2 0x628bac0fa0b6 &lt;unknown&gt;
#3 0x628bac0fc928 &lt;unknown&gt;
#4 0x628bac0fc9b3 &lt;unknown&gt;
#5 0x628bac148eb4 &lt;unknown&gt;
#6 0x628bac146ce2 &lt;unknown&gt;
#7 0x628bac1463e0 &lt;unknown&gt;
#8 0x628bac138ded &lt;unknown&gt;
#9 0x628bac16a592 &lt;unknown&gt;
#10 0x628bac13836a &lt;unknown&gt;
#11 0x628bac16a75e &lt;unknown&gt;
#12 0x628bac1905e0 &lt;unknown&gt;
#13 0x628bac16a363 &lt;unknown&gt;
#14 0x628bac136d63 &lt;unknown&gt;
#15 0x628bac1379c1 &lt;unknown&gt;
#16 0x628bac605a6b &lt;unknown&gt;
#17 0x628bac609951 &lt;unknown&gt;
#18 0x628bac5edb62 &lt;unknown&gt;
#19 0x628bac60a4c4 &lt;unknown&gt;
#20 0x628bac5d213f &lt;unknown&gt;
#21 0x628bac62e6f8 &lt;unknown&gt;
#22 0x628bac62e8d6 &lt;unknown&gt;
#23 0x628bac63f5a6 &lt;unknown&gt;
#24 0x7c8163a9caa4 &lt;unknown&gt;
#25 0x7c8163b29c3c &lt;unknown&gt;
</status>
</kw>
<kw name="Click Element" owner="SeleniumLibrary">
<arg>${btn_centro}</arg>
<doc>Click the element identified by ``locator``.</doc>
<status status="NOT RUN" start="2025-04-25T12:09:53.855691" elapsed="0.000026"/>
</kw>
<kw name="Wait Until Element Is Visible" owner="SeleniumLibrary">
<arg>${edit_1}</arg>
<doc>Waits until the element ``locator`` is visible.</doc>
<status status="NOT RUN" start="2025-04-25T12:09:53.855784" elapsed="0.000016"/>
</kw>
<kw name="Capture Page Screenshot" owner="SeleniumLibrary">
<arg>filename=20627ListarCentroCusto.png</arg>
<doc>Takes a screenshot of the current page and embeds it into a log file.</doc>
<status status="NOT RUN" start="2025-04-25T12:09:53.855862" elapsed="0.000014"/>
</kw>
<kw name="Fechar Navegador">
<status status="NOT RUN" start="2025-04-25T12:09:53.855959" elapsed="0.000019"/>
</kw>
<status status="FAIL" start="2025-04-25T12:09:53.526382" elapsed="0.329675">StaleElementReferenceException: Message: stale element reference: stale element not found in the current frame
  (Session info: chrome=135.0.7049.95); For documentation on this error, please visit: https://www.selenium.dev/documentation/webdriver/troubleshooting/errors#stale-element-reference-exception
Stacktrace:
#0 0x628bac64075a &lt;unknown&gt;
#1 0x628bac0f34b0 &lt;unknown&gt;
#2 0x628bac0fa0b6 &lt;unknown&gt;
#3 0x628bac0fc928 &lt;unknown&gt;
#4 0x628bac0fc9b3 &lt;unknown&gt;
#5 0x628bac148eb4 &lt;unknown&gt;
#6 0x628bac146ce2 &lt;unknown&gt;
#7 0x628bac1463e0 &lt;unknown&gt;
#8 0x628bac138ded &lt;unknown&gt;
#9 0x628bac16a592 &lt;unknown&gt;
#10 0x628bac13836a &lt;unknown&gt;
#11 0x628bac16a75e &lt;unknown&gt;
#12 0x628bac1905e0 &lt;unknown&gt;
#13 0x628bac16a363 &lt;unknown&gt;
#14 0x628bac136d63 &lt;unknown&gt;
#15 0x628bac1379c1 &lt;unknown&gt;
#16 0x628bac605a6b &lt;unknown&gt;
#17 0x628bac609951 &lt;unknown&gt;
#18 0x628bac5edb62 &lt;unknown&gt;
#19 0x628bac60a4c4 &lt;unknown&gt;
#20 0x628bac5d213f &lt;unknown&gt;
#21 0x628bac62e6f8 &lt;unknown&gt;
#22 0x628bac62e8d6 &lt;unknown&gt;
#23 0x628bac63f5a6 &lt;unknown&gt;
#24 0x7c8163a9caa4 &lt;unknown&gt;
#25 0x7c8163b29c3c &lt;unknown&gt;
</status>
</kw>
<doc>Listar os Centros de Custo</doc>
<tag>ListarCent</tag>
<status status="FAIL" start="2025-04-25T12:09:52.593395" elapsed="1.262806">StaleElementReferenceException: Message: stale element reference: stale element not found in the current frame
  (Session info: chrome=135.0.7049.95); For documentation on this error, please visit: https://www.selenium.dev/documentation/webdriver/troubleshooting/errors#stale-element-reference-exception
Stacktrace:
#0 0x628bac64075a &lt;unknown&gt;
#1 0x628bac0f34b0 &lt;unknown&gt;
#2 0x628bac0fa0b6 &lt;unknown&gt;
#3 0x628bac0fc928 &lt;unknown&gt;
#4 0x628bac0fc9b3 &lt;unknown&gt;
#5 0x628bac148eb4 &lt;unknown&gt;
#6 0x628bac146ce2 &lt;unknown&gt;
#7 0x628bac1463e0 &lt;unknown&gt;
#8 0x628bac138ded &lt;unknown&gt;
#9 0x628bac16a592 &lt;unknown&gt;
#10 0x628bac13836a &lt;unknown&gt;
#11 0x628bac16a75e &lt;unknown&gt;
#12 0x628bac1905e0 &lt;unknown&gt;
#13 0x628bac16a363 &lt;unknown&gt;
#14 0x628bac136d63 &lt;unknown&gt;
#15 0x628bac1379c1 &lt;unknown&gt;
#16 0x628bac605a6b &lt;unknown&gt;
#17 0x628bac609951 &lt;unknown&gt;
#18 0x628bac5edb62 &lt;unknown&gt;
#19 0x628bac60a4c4 &lt;unknown&gt;
#20 0x628bac5d213f &lt;unknown&gt;
#21 0x628bac62e6f8 &lt;unknown&gt;
#22 0x628bac62e8d6 &lt;unknown&gt;
#23 0x628bac63f5a6 &lt;unknown&gt;
#24 0x7c8163a9caa4 &lt;unknown&gt;
#25 0x7c8163b29c3c &lt;unknown&gt;
</status>
</test>
<test id="s1-s1-t5" name="Criar Departamento" line="47">
<kw name="Realiza Login de Acesso">
<kw name="Abrir o navegador">
<kw name="Open Browser" owner="SeleniumLibrary">
<msg time="2025-04-25T12:09:53.857077" level="INFO">Opening browser 'chrome' to base url 'https://automacao.qacoders-academy.com.br/login'.</msg>
<arg>${URL}</arg>
<arg>${BROWSER}</arg>
<doc>Opens a new browser instance to the optional ``url``.</doc>
<status status="PASS" start="2025-04-25T12:09:53.856952" elapsed="0.700011"/>
</kw>
<status status="PASS" start="2025-04-25T12:09:53.856823" elapsed="0.700367"/>
</kw>
<kw name="Input Text" owner="SeleniumLibrary">
<msg time="2025-04-25T12:09:54.557957" level="INFO">Typing text 'sysadmin@qacoders.com' into text field '//input[@id="email"]'.</msg>
<arg>${input_email}</arg>
<arg>${mailAdminValid}</arg>
<doc>Types the given ``text`` into the text field identified by ``locator``.</doc>
<status status="PASS" start="2025-04-25T12:09:54.557472" elapsed="0.102713"/>
</kw>
<kw name="Input Text" owner="SeleniumLibrary">
<msg time="2025-04-25T12:09:54.661033" level="INFO">Typing text '1234@Test' into text field '//*[@id="password"]'.</msg>
<arg>${input_senha}</arg>
<arg>${passwordAdminValid}</arg>
<doc>Types the given ``text`` into the text field identified by ``locator``.</doc>
<status status="PASS" start="2025-04-25T12:09:54.660569" elapsed="0.047339"/>
</kw>
<kw name="Click Button" owner="SeleniumLibrary">
<msg time="2025-04-25T12:09:54.708372" level="INFO">Clicking button '//button[text()='Entrar']'.</msg>
<arg>${btn-entrar}</arg>
<doc>Clicks the button identified by ``locator``.</doc>
<status status="PASS" start="2025-04-25T12:09:54.708152" elapsed="0.048353"/>
</kw>
<kw name="Capture Page Screenshot" owner="SeleniumLibrary">
<msg time="2025-04-25T12:09:54.846823" level="INFO" html="true">&lt;/td&gt;&lt;/tr&gt;&lt;tr&gt;&lt;td colspan="3"&gt;&lt;a href="20518LoginSucesso.png"&gt;&lt;img src="20518LoginSucesso.png" width="800px"&gt;&lt;/a&gt;</msg>
<arg>filename=20518LoginSucesso.png</arg>
<doc>Takes a screenshot of the current page and embeds it into a log file.</doc>
<status status="PASS" start="2025-04-25T12:09:54.756750" elapsed="0.090186"/>
</kw>
<arg>${mailAdminValid}</arg>
<arg>${passwordAdminValid}</arg>
<status status="PASS" start="2025-04-25T12:09:53.856626" elapsed="0.990397"/>
</kw>
<kw name="Criar Departamento">
<kw name="Fake Department" owner="get_faker">
<msg time="2025-04-25T12:09:54.848325" level="INFO">${dadosDept} = Cavalcante Souza</msg>
<var>${dadosDept}</var>
<status status="PASS" start="2025-04-25T12:09:54.847436" elapsed="0.000916"/>
</kw>
<kw name="Wait Until Element Is Visible" owner="SeleniumLibrary">
<arg>${btn_cadastros}</arg>
<arg>timeout=7s</arg>
<doc>Waits until the element ``locator`` is visible.</doc>
<status status="PASS" start="2025-04-25T12:09:54.848468" elapsed="0.216657"/>
</kw>
<kw name="Click Element" owner="SeleniumLibrary">
<msg time="2025-04-25T12:09:55.065507" level="INFO">Clicking element '//span[contains(.,'Cadastros')]'.</msg>
<msg time="2025-04-25T12:09:55.155633" level="INFO" html="true">&lt;/td&gt;&lt;/tr&gt;&lt;tr&gt;&lt;td colspan="3"&gt;&lt;a href="selenium-screenshot-3.png"&gt;&lt;img src="selenium-screenshot-3.png" width="800px"&gt;&lt;/a&gt;</msg>
<msg time="2025-04-25T12:09:55.155781" level="FAIL">StaleElementReferenceException: Message: stale element reference: stale element not found in the current frame
  (Session info: chrome=135.0.7049.95); For documentation on this error, please visit: https://www.selenium.dev/documentation/webdriver/troubleshooting/errors#stale-element-reference-exception
Stacktrace:
#0 0x5d805cd0675a &lt;unknown&gt;
#1 0x5d805c7b94b0 &lt;unknown&gt;
#2 0x5d805c7c00b6 &lt;unknown&gt;
#3 0x5d805c7c2928 &lt;unknown&gt;
#4 0x5d805c7c29b3 &lt;unknown&gt;
#5 0x5d805c80dc80 &lt;unknown&gt;
#6 0x5d805c80ba52 &lt;unknown&gt;
#7 0x5d805c7fe9ed &lt;unknown&gt;
#8 0x5d805c830592 &lt;unknown&gt;
#9 0x5d805c7fe36a &lt;unknown&gt;
#10 0x5d805c83075e &lt;unknown&gt;
#11 0x5d805c8565e0 &lt;unknown&gt;
#12 0x5d805c830363 &lt;unknown&gt;
#13 0x5d805c7fcd63 &lt;unknown&gt;
#14 0x5d805c7fd9c1 &lt;unknown&gt;
#15 0x5d805cccba6b &lt;unknown&gt;
#16 0x5d805cccf951 &lt;unknown&gt;
#17 0x5d805ccb3b62 &lt;unknown&gt;
#18 0x5d805ccd04c4 &lt;unknown&gt;
#19 0x5d805cc9813f &lt;unknown&gt;
#20 0x5d805ccf46f8 &lt;unknown&gt;
#21 0x5d805ccf48d6 &lt;unknown&gt;
#22 0x5d805cd055a6 &lt;unknown&gt;
#23 0x78d08fc9caa4 &lt;unknown&gt;
#24 0x78d08fd29c3c &lt;unknown&gt;
</msg>
<arg>${btn_cadastros}</arg>
<doc>Click the element identified by ``locator``.</doc>
<status status="FAIL" start="2025-04-25T12:09:55.065304" elapsed="0.090878">StaleElementReferenceException: Message: stale element reference: stale element not found in the current frame
  (Session info: chrome=135.0.7049.95); For documentation on this error, please visit: https://www.selenium.dev/documentation/webdriver/troubleshooting/errors#stale-element-reference-exception
Stacktrace:
#0 0x5d805cd0675a &lt;unknown&gt;
#1 0x5d805c7b94b0 &lt;unknown&gt;
#2 0x5d805c7c00b6 &lt;unknown&gt;
#3 0x5d805c7c2928 &lt;unknown&gt;
#4 0x5d805c7c29b3 &lt;unknown&gt;
#5 0x5d805c80dc80 &lt;unknown&gt;
#6 0x5d805c80ba52 &lt;unknown&gt;
#7 0x5d805c7fe9ed &lt;unknown&gt;
#8 0x5d805c830592 &lt;unknown&gt;
#9 0x5d805c7fe36a &lt;unknown&gt;
#10 0x5d805c83075e &lt;unknown&gt;
#11 0x5d805c8565e0 &lt;unknown&gt;
#12 0x5d805c830363 &lt;unknown&gt;
#13 0x5d805c7fcd63 &lt;unknown&gt;
#14 0x5d805c7fd9c1 &lt;unknown&gt;
#15 0x5d805cccba6b &lt;unknown&gt;
#16 0x5d805cccf951 &lt;unknown&gt;
#17 0x5d805ccb3b62 &lt;unknown&gt;
#18 0x5d805ccd04c4 &lt;unknown&gt;
#19 0x5d805cc9813f &lt;unknown&gt;
#20 0x5d805ccf46f8 &lt;unknown&gt;
#21 0x5d805ccf48d6 &lt;unknown&gt;
#22 0x5d805cd055a6 &lt;unknown&gt;
#23 0x78d08fc9caa4 &lt;unknown&gt;
#24 0x78d08fd29c3c &lt;unknown&gt;
</status>
</kw>
<kw name="Click Element" owner="SeleniumLibrary">
<arg>${btn_departamento}</arg>
<doc>Click the element identified by ``locator``.</doc>
<status status="NOT RUN" start="2025-04-25T12:09:55.156337" elapsed="0.000026"/>
</kw>
<kw name="Wait Until Element Is Visible" owner="SeleniumLibrary">
<arg>${btn_novo_cadastro}</arg>
<arg>timeout=3s</arg>
<doc>Waits until the element ``locator`` is visible.</doc>
<status status="NOT RUN" start="2025-04-25T12:09:55.156440" elapsed="0.000018"/>
</kw>
<kw name="Click Element" owner="SeleniumLibrary">
<arg>${btn_novo_cadastro}</arg>
<doc>Click the element identified by ``locator``.</doc>
<status status="NOT RUN" start="2025-04-25T12:09:55.156537" elapsed="0.000015"/>
</kw>
<kw name="Input Text" owner="SeleniumLibrary">
<arg>${input_department}</arg>
<arg>text=${dadosDept}</arg>
<doc>Types the given ``text`` into the text field identified by ``locator``.</doc>
<status status="NOT RUN" start="2025-04-25T12:09:55.156637" elapsed="0.000015"/>
</kw>
<kw name="Wait Until Element Is Visible" owner="SeleniumLibrary">
<arg>${id_costcenter}</arg>
<doc>Waits until the element ``locator`` is visible.</doc>
<status status="NOT RUN" start="2025-04-25T12:09:55.156709" elapsed="0.000042"/>
</kw>
<kw name="Select From List By Label" owner="SeleniumLibrary">
<arg>${id_costcenter}</arg>
<arg>teste</arg>
<doc>Selects options from selection list ``locator`` by ``labels``.</doc>
<status status="NOT RUN" start="2025-04-25T12:09:55.156816" elapsed="0.000017"/>
</kw>
<kw name="Click Element" owner="SeleniumLibrary">
<arg>${btn_save}</arg>
<doc>Click the element identified by ``locator``.</doc>
<status status="NOT RUN" start="2025-04-25T12:09:55.156890" elapsed="0.000016"/>
</kw>
<kw name="Capture Page Screenshot" owner="SeleniumLibrary">
<arg>filename=20629CriarDepartamento.png</arg>
<doc>Takes a screenshot of the current page and embeds it into a log file.</doc>
<status status="NOT RUN" start="2025-04-25T12:09:55.156965" elapsed="0.000015"/>
</kw>
<kw name="Fechar Navegador">
<status status="NOT RUN" start="2025-04-25T12:09:55.157072" elapsed="0.000021"/>
</kw>
<status status="FAIL" start="2025-04-25T12:09:54.847225" elapsed="0.309948">StaleElementReferenceException: Message: stale element reference: stale element not found in the current frame
  (Session info: chrome=135.0.7049.95); For documentation on this error, please visit: https://www.selenium.dev/documentation/webdriver/troubleshooting/errors#stale-element-reference-exception
Stacktrace:
#0 0x5d805cd0675a &lt;unknown&gt;
#1 0x5d805c7b94b0 &lt;unknown&gt;
#2 0x5d805c7c00b6 &lt;unknown&gt;
#3 0x5d805c7c2928 &lt;unknown&gt;
#4 0x5d805c7c29b3 &lt;unknown&gt;
#5 0x5d805c80dc80 &lt;unknown&gt;
#6 0x5d805c80ba52 &lt;unknown&gt;
#7 0x5d805c7fe9ed &lt;unknown&gt;
#8 0x5d805c830592 &lt;unknown&gt;
#9 0x5d805c7fe36a &lt;unknown&gt;
#10 0x5d805c83075e &lt;unknown&gt;
#11 0x5d805c8565e0 &lt;unknown&gt;
#12 0x5d805c830363 &lt;unknown&gt;
#13 0x5d805c7fcd63 &lt;unknown&gt;
#14 0x5d805c7fd9c1 &lt;unknown&gt;
#15 0x5d805cccba6b &lt;unknown&gt;
#16 0x5d805cccf951 &lt;unknown&gt;
#17 0x5d805ccb3b62 &lt;unknown&gt;
#18 0x5d805ccd04c4 &lt;unknown&gt;
#19 0x5d805cc9813f &lt;unknown&gt;
#20 0x5d805ccf46f8 &lt;unknown&gt;
#21 0x5d805ccf48d6 &lt;unknown&gt;
#22 0x5d805cd055a6 &lt;unknown&gt;
#23 0x78d08fc9caa4 &lt;unknown&gt;
#24 0x78d08fd29c3c &lt;unknown&gt;
</status>
</kw>
<tag>CadastroDep</tag>
<status status="FAIL" start="2025-04-25T12:09:53.856390" elapsed="1.300923">StaleElementReferenceException: Message: stale element reference: stale element not found in the current frame
  (Session info: chrome=135.0.7049.95); For documentation on this error, please visit: https://www.selenium.dev/documentation/webdriver/troubleshooting/errors#stale-element-reference-exception
Stacktrace:
#0 0x5d805cd0675a &lt;unknown&gt;
#1 0x5d805c7b94b0 &lt;unknown&gt;
#2 0x5d805c7c00b6 &lt;unknown&gt;
#3 0x5d805c7c2928 &lt;unknown&gt;
#4 0x5d805c7c29b3 &lt;unknown&gt;
#5 0x5d805c80dc80 &lt;unknown&gt;
#6 0x5d805c80ba52 &lt;unknown&gt;
#7 0x5d805c7fe9ed &lt;unknown&gt;
#8 0x5d805c830592 &lt;unknown&gt;
#9 0x5d805c7fe36a &lt;unknown&gt;
#10 0x5d805c83075e &lt;unknown&gt;
#11 0x5d805c8565e0 &lt;unknown&gt;
#12 0x5d805c830363 &lt;unknown&gt;
#13 0x5d805c7fcd63 &lt;unknown&gt;
#14 0x5d805c7fd9c1 &lt;unknown&gt;
#15 0x5d805cccba6b &lt;unknown&gt;
#16 0x5d805cccf951 &lt;unknown&gt;
#17 0x5d805ccb3b62 &lt;unknown&gt;
#18 0x5d805ccd04c4 &lt;unknown&gt;
#19 0x5d805cc9813f &lt;unknown&gt;
#20 0x5d805ccf46f8 &lt;unknown&gt;
#21 0x5d805ccf48d6 &lt;unknown&gt;
#22 0x5d805cd055a6 &lt;unknown&gt;
#23 0x78d08fc9caa4 &lt;unknown&gt;
#24 0x78d08fd29c3c &lt;unknown&gt;
</status>
</test>
<test id="s1-s1-t6" name="Editar Departamento" line="53">
<kw name="Realiza Login de Acesso">
<kw name="Abrir o navegador">
<kw name="Open Browser" owner="SeleniumLibrary">
<msg time="2025-04-25T12:09:55.158403" level="INFO">Opening browser 'chrome' to base url 'https://automacao.qacoders-academy.com.br/login'.</msg>
<arg>${URL}</arg>
<arg>${BROWSER}</arg>
<doc>Opens a new browser instance to the optional ``url``.</doc>
<status status="PASS" start="2025-04-25T12:09:55.158271" elapsed="1.119698"/>
</kw>
<status status="PASS" start="2025-04-25T12:09:55.158117" elapsed="1.120053"/>
</kw>
<kw name="Input Text" owner="SeleniumLibrary">
<msg time="2025-04-25T12:09:56.278614" level="INFO">Typing text 'sysadmin@qacoders.com' into text field '//input[@id="email"]'.</msg>
<arg>${input_email}</arg>
<arg>${mailAdminValid}</arg>
<doc>Types the given ``text`` into the text field identified by ``locator``.</doc>
<status status="PASS" start="2025-04-25T12:09:56.278338" elapsed="0.113495"/>
</kw>
<kw name="Input Text" owner="SeleniumLibrary">
<msg time="2025-04-25T12:09:56.392222" level="INFO">Typing text '1234@Test' into text field '//*[@id="password"]'.</msg>
<arg>${input_senha}</arg>
<arg>${passwordAdminValid}</arg>
<doc>Types the given ``text`` into the text field identified by ``locator``.</doc>
<status status="PASS" start="2025-04-25T12:09:56.392013" elapsed="0.043235"/>
</kw>
<kw name="Click Button" owner="SeleniumLibrary">
<msg time="2025-04-25T12:09:56.435631" level="INFO">Clicking button '//button[text()='Entrar']'.</msg>
<arg>${btn-entrar}</arg>
<doc>Clicks the button identified by ``locator``.</doc>
<status status="PASS" start="2025-04-25T12:09:56.435437" elapsed="0.047736"/>
</kw>
<kw name="Capture Page Screenshot" owner="SeleniumLibrary">
<msg time="2025-04-25T12:09:56.578673" level="INFO" html="true">&lt;/td&gt;&lt;/tr&gt;&lt;tr&gt;&lt;td colspan="3"&gt;&lt;a href="20518LoginSucesso.png"&gt;&lt;img src="20518LoginSucesso.png" width="800px"&gt;&lt;/a&gt;</msg>
<arg>filename=20518LoginSucesso.png</arg>
<doc>Takes a screenshot of the current page and embeds it into a log file.</doc>
<status status="PASS" start="2025-04-25T12:09:56.483353" elapsed="0.095513"/>
</kw>
<arg>${mailAdminValid}</arg>
<arg>${passwordAdminValid}</arg>
<status status="PASS" start="2025-04-25T12:09:55.157737" elapsed="1.421248"/>
</kw>
<kw name="Editar Departamento">
<kw name="Wait Until Element Is Visible" owner="SeleniumLibrary">
<arg>locator=${btn_cadastros}</arg>
<arg>timeout=5s</arg>
<doc>Waits until the element ``locator`` is visible.</doc>
<status status="PASS" start="2025-04-25T12:09:56.579421" elapsed="0.220813"/>
</kw>
<kw name="Click Element" owner="SeleniumLibrary">
<msg time="2025-04-25T12:09:56.800834" level="INFO">Clicking element '//span[contains(.,'Cadastros')]'.</msg>
<msg time="2025-04-25T12:09:56.922961" level="INFO" html="true">&lt;/td&gt;&lt;/tr&gt;&lt;tr&gt;&lt;td colspan="3"&gt;&lt;a href="selenium-screenshot-4.png"&gt;&lt;img src="selenium-screenshot-4.png" width="800px"&gt;&lt;/a&gt;</msg>
<msg time="2025-04-25T12:09:56.923108" level="FAIL">StaleElementReferenceException: Message: stale element reference: stale element not found in the current frame
  (Session info: chrome=135.0.7049.95); For documentation on this error, please visit: https://www.selenium.dev/documentation/webdriver/troubleshooting/errors#stale-element-reference-exception
Stacktrace:
#0 0x599d26e2c75a &lt;unknown&gt;
#1 0x599d268df4b0 &lt;unknown&gt;
#2 0x599d268e60b6 &lt;unknown&gt;
#3 0x599d268e8928 &lt;unknown&gt;
#4 0x599d268e89b3 &lt;unknown&gt;
#5 0x599d2693296d &lt;unknown&gt;
#6 0x599d26931d13 &lt;unknown&gt;
#7 0x599d26924ded &lt;unknown&gt;
#8 0x599d26956592 &lt;unknown&gt;
#9 0x599d2692436a &lt;unknown&gt;
#10 0x599d2695675e &lt;unknown&gt;
#11 0x599d2697c5e0 &lt;unknown&gt;
#12 0x599d26956363 &lt;unknown&gt;
#13 0x599d26922d63 &lt;unknown&gt;
#14 0x599d269239c1 &lt;unknown&gt;
#15 0x599d26df1a6b &lt;unknown&gt;
#16 0x599d26df5951 &lt;unknown&gt;
#17 0x599d26dd9b62 &lt;unknown&gt;
#18 0x599d26df64c4 &lt;unknown&gt;
#19 0x599d26dbe13f &lt;unknown&gt;
#20 0x599d26e1a6f8 &lt;unknown&gt;
#21 0x599d26e1a8d6 &lt;unknown&gt;
#22 0x599d26e2b5a6 &lt;unknown&gt;
#23 0x7d8bfee9caa4 &lt;unknown&gt;
#24 0x7d8bfef29c3c &lt;unknown&gt;
</msg>
<arg>${btn_cadastros}</arg>
<doc>Click the element identified by ``locator``.</doc>
<status status="FAIL" start="2025-04-25T12:09:56.800552" elapsed="0.122954">StaleElementReferenceException: Message: stale element reference: stale element not found in the current frame
  (Session info: chrome=135.0.7049.95); For documentation on this error, please visit: https://www.selenium.dev/documentation/webdriver/troubleshooting/errors#stale-element-reference-exception
Stacktrace:
#0 0x599d26e2c75a &lt;unknown&gt;
#1 0x599d268df4b0 &lt;unknown&gt;
#2 0x599d268e60b6 &lt;unknown&gt;
#3 0x599d268e8928 &lt;unknown&gt;
#4 0x599d268e89b3 &lt;unknown&gt;
#5 0x599d2693296d &lt;unknown&gt;
#6 0x599d26931d13 &lt;unknown&gt;
#7 0x599d26924ded &lt;unknown&gt;
#8 0x599d26956592 &lt;unknown&gt;
#9 0x599d2692436a &lt;unknown&gt;
#10 0x599d2695675e &lt;unknown&gt;
#11 0x599d2697c5e0 &lt;unknown&gt;
#12 0x599d26956363 &lt;unknown&gt;
#13 0x599d26922d63 &lt;unknown&gt;
#14 0x599d269239c1 &lt;unknown&gt;
#15 0x599d26df1a6b &lt;unknown&gt;
#16 0x599d26df5951 &lt;unknown&gt;
#17 0x599d26dd9b62 &lt;unknown&gt;
#18 0x599d26df64c4 &lt;unknown&gt;
#19 0x599d26dbe13f &lt;unknown&gt;
#20 0x599d26e1a6f8 &lt;unknown&gt;
#21 0x599d26e1a8d6 &lt;unknown&gt;
#22 0x599d26e2b5a6 &lt;unknown&gt;
#23 0x7d8bfee9caa4 &lt;unknown&gt;
#24 0x7d8bfef29c3c &lt;unknown&gt;
</status>
</kw>
<kw name="Click Element" owner="SeleniumLibrary">
<arg>${btn_departamento}</arg>
<doc>Click the element identified by ``locator``.</doc>
<status status="NOT RUN" start="2025-04-25T12:09:56.923697" elapsed="0.000027"/>
</kw>
<kw name="Wait Until Element Is Visible" owner="SeleniumLibrary">
<arg>${edit_2}</arg>
<doc>Waits until the element ``locator`` is visible.</doc>
<status status="NOT RUN" start="2025-04-25T12:09:56.923791" elapsed="0.000016"/>
</kw>
<kw name="Get Value" owner="SeleniumLibrary">
<var>${vi_department}</var>
<arg>${li_1}</arg>
<doc>Returns the value attribute of the element identified by ``locator``.</doc>
<status status="NOT RUN" start="2025-04-25T12:09:56.923867" elapsed="0.000014"/>
</kw>
<kw name="Click Element" owner="SeleniumLibrary">
<arg>${edit_2}</arg>
<doc>Click the element identified by ``locator``.</doc>
<status status="NOT RUN" start="2025-04-25T12:09:56.923937" elapsed="0.000015"/>
</kw>
<kw name="Wait Until Element Is Visible" owner="SeleniumLibrary">
<arg>${id_department}</arg>
<doc>Waits until the element ``locator`` is visible.</doc>
<status status="NOT RUN" start="2025-04-25T12:09:56.924004" elapsed="0.000014"/>
</kw>
<kw name="Set Variable" owner="BuiltIn">
<var>${vf_department}</var>
<arg>${vi_department}${atualizado2}</arg>
<doc>Returns the given values which can then be assigned to a variables.</doc>
<status status="NOT RUN" start="2025-04-25T12:09:56.924078" elapsed="0.000016"/>
</kw>
<kw name="Input Text" owner="SeleniumLibrary">
<arg>${id_department}</arg>
<arg>${vf_department}</arg>
<doc>Types the given ``text`` into the text field identified by ``locator``.</doc>
<status status="NOT RUN" start="2025-04-25T12:09:56.924153" elapsed="0.000015"/>
</kw>
<kw name="Click Element" owner="SeleniumLibrary">
<arg>${btn_save}</arg>
<doc>Click the element identified by ``locator``.</doc>
<status status="NOT RUN" start="2025-04-25T12:09:56.924223" elapsed="0.000014"/>
</kw>
<kw name="Element Should Be Visible" owner="SeleniumLibrary">
<arg>locator=${btn_novo_cadastro}</arg>
<doc>Verifies that the element identified by ``locator`` is visible.</doc>
<status status="NOT RUN" start="2025-04-25T12:09:56.924290" elapsed="0.000014"/>
</kw>
<kw name="Capture Page Screenshot" owner="SeleniumLibrary">
<arg>filename=20630EditarDepartamento.png</arg>
<doc>Takes a screenshot of the current page and embeds it into a log file.</doc>
<status status="NOT RUN" start="2025-04-25T12:09:56.924359" elapsed="0.000014"/>
</kw>
<kw name="Fechar Navegador">
<status status="NOT RUN" start="2025-04-25T12:09:56.924463" elapsed="0.000020"/>
</kw>
<status status="FAIL" start="2025-04-25T12:09:56.579205" elapsed="0.345357">StaleElementReferenceException: Message: stale element reference: stale element not found in the current frame
  (Session info: chrome=135.0.7049.95); For documentation on this error, please visit: https://www.selenium.dev/documentation/webdriver/troubleshooting/errors#stale-element-reference-exception
Stacktrace:
#0 0x599d26e2c75a &lt;unknown&gt;
#1 0x599d268df4b0 &lt;unknown&gt;
#2 0x599d268e60b6 &lt;unknown&gt;
#3 0x599d268e8928 &lt;unknown&gt;
#4 0x599d268e89b3 &lt;unknown&gt;
#5 0x599d2693296d &lt;unknown&gt;
#6 0x599d26931d13 &lt;unknown&gt;
#7 0x599d26924ded &lt;unknown&gt;
#8 0x599d26956592 &lt;unknown&gt;
#9 0x599d2692436a &lt;unknown&gt;
#10 0x599d2695675e &lt;unknown&gt;
#11 0x599d2697c5e0 &lt;unknown&gt;
#12 0x599d26956363 &lt;unknown&gt;
#13 0x599d26922d63 &lt;unknown&gt;
#14 0x599d269239c1 &lt;unknown&gt;
#15 0x599d26df1a6b &lt;unknown&gt;
#16 0x599d26df5951 &lt;unknown&gt;
#17 0x599d26dd9b62 &lt;unknown&gt;
#18 0x599d26df64c4 &lt;unknown&gt;
#19 0x599d26dbe13f &lt;unknown&gt;
#20 0x599d26e1a6f8 &lt;unknown&gt;
#21 0x599d26e1a8d6 &lt;unknown&gt;
#22 0x599d26e2b5a6 &lt;unknown&gt;
#23 0x7d8bfee9caa4 &lt;unknown&gt;
#24 0x7d8bfef29c3c &lt;unknown&gt;
</status>
</kw>
<tag>EditarDep</tag>
<status status="FAIL" start="2025-04-25T12:09:55.157496" elapsed="1.767204">StaleElementReferenceException: Message: stale element reference: stale element not found in the current frame
  (Session info: chrome=135.0.7049.95); For documentation on this error, please visit: https://www.selenium.dev/documentation/webdriver/troubleshooting/errors#stale-element-reference-exception
Stacktrace:
#0 0x599d26e2c75a &lt;unknown&gt;
#1 0x599d268df4b0 &lt;unknown&gt;
#2 0x599d268e60b6 &lt;unknown&gt;
#3 0x599d268e8928 &lt;unknown&gt;
#4 0x599d268e89b3 &lt;unknown&gt;
#5 0x599d2693296d &lt;unknown&gt;
#6 0x599d26931d13 &lt;unknown&gt;
#7 0x599d26924ded &lt;unknown&gt;
#8 0x599d26956592 &lt;unknown&gt;
#9 0x599d2692436a &lt;unknown&gt;
#10 0x599d2695675e &lt;unknown&gt;
#11 0x599d2697c5e0 &lt;unknown&gt;
#12 0x599d26956363 &lt;unknown&gt;
#13 0x599d26922d63 &lt;unknown&gt;
#14 0x599d269239c1 &lt;unknown&gt;
#15 0x599d26df1a6b &lt;unknown&gt;
#16 0x599d26df5951 &lt;unknown&gt;
#17 0x599d26dd9b62 &lt;unknown&gt;
#18 0x599d26df64c4 &lt;unknown&gt;
#19 0x599d26dbe13f &lt;unknown&gt;
#20 0x599d26e1a6f8 &lt;unknown&gt;
#21 0x599d26e1a8d6 &lt;unknown&gt;
#22 0x599d26e2b5a6 &lt;unknown&gt;
#23 0x7d8bfee9caa4 &lt;unknown&gt;
#24 0x7d8bfef29c3c &lt;unknown&gt;
</status>
</test>
<test id="s1-s1-t7" name="Listar Departamento" line="63">
<kw name="Realiza Login de Acesso">
<kw name="Abrir o navegador">
<kw name="Open Browser" owner="SeleniumLibrary">
<msg time="2025-04-25T12:09:56.925552" level="INFO">Opening browser 'chrome' to base url 'https://automacao.qacoders-academy.com.br/login'.</msg>
<arg>${URL}</arg>
<arg>${BROWSER}</arg>
<doc>Opens a new browser instance to the optional ``url``.</doc>
<status status="PASS" start="2025-04-25T12:09:56.925419" elapsed="8.901000"/>
</kw>
<status status="PASS" start="2025-04-25T12:09:56.925284" elapsed="8.901262"/>
</kw>
<kw name="Input Text" owner="SeleniumLibrary">
<msg time="2025-04-25T12:10:05.827035" level="INFO">Typing text 'sysadmin@qacoders.com' into text field '//input[@id="email"]'.</msg>
<arg>${input_email}</arg>
<arg>${mailAdminValid}</arg>
<doc>Types the given ``text`` into the text field identified by ``locator``.</doc>
<status status="PASS" start="2025-04-25T12:10:05.826688" elapsed="0.105410"/>
</kw>
<kw name="Input Text" owner="SeleniumLibrary">
<msg time="2025-04-25T12:10:05.932503" level="INFO">Typing text '1234@Test' into text field '//*[@id="password"]'.</msg>
<arg>${input_senha}</arg>
<arg>${passwordAdminValid}</arg>
<doc>Types the given ``text`` into the text field identified by ``locator``.</doc>
<status status="PASS" start="2025-04-25T12:10:05.932280" elapsed="0.056142"/>
</kw>
<kw name="Click Button" owner="SeleniumLibrary">
<msg time="2025-04-25T12:10:05.988828" level="INFO">Clicking button '//button[text()='Entrar']'.</msg>
<arg>${btn-entrar}</arg>
<doc>Clicks the button identified by ``locator``.</doc>
<status status="PASS" start="2025-04-25T12:10:05.988631" elapsed="0.053560"/>
</kw>
<kw name="Capture Page Screenshot" owner="SeleniumLibrary">
<msg time="2025-04-25T12:10:06.173311" level="INFO" html="true">&lt;/td&gt;&lt;/tr&gt;&lt;tr&gt;&lt;td colspan="3"&gt;&lt;a href="20518LoginSucesso.png"&gt;&lt;img src="20518LoginSucesso.png" width="800px"&gt;&lt;/a&gt;</msg>
<arg>filename=20518LoginSucesso.png</arg>
<doc>Takes a screenshot of the current page and embeds it into a log file.</doc>
<status status="PASS" start="2025-04-25T12:10:06.042488" elapsed="0.131293"/>
</kw>
<arg>${mailAdminValid}</arg>
<arg>${passwordAdminValid}</arg>
<status status="PASS" start="2025-04-25T12:09:56.925083" elapsed="9.248978"/>
</kw>
<kw name="Listar Departamento">
<kw name="Wait Until Element Is Visible" owner="SeleniumLibrary">
<msg time="2025-04-25T12:10:11.304466" level="INFO" html="true">&lt;/td&gt;&lt;/tr&gt;&lt;tr&gt;&lt;td colspan="3"&gt;&lt;a href="selenium-screenshot-5.png"&gt;&lt;img src="selenium-screenshot-5.png" width="800px"&gt;&lt;/a&gt;</msg>
<msg time="2025-04-25T12:10:11.304868" level="FAIL">Element '//span[contains(.,'Cadastros')]' not visible after 5 seconds.</msg>
<arg>locator=${btn_cadastros}</arg>
<doc>Waits until the element ``locator`` is visible.</doc>
<status status="FAIL" start="2025-04-25T12:10:06.175117" elapsed="5.130275">Element '//span[contains(.,'Cadastros')]' not visible after 5 seconds.</status>
</kw>
<kw name="Click Element" owner="SeleniumLibrary">
<arg>${btn_cadastros}</arg>
<doc>Click the element identified by ``locator``.</doc>
<status status="NOT RUN" start="2025-04-25T12:10:11.305634" elapsed="0.000046"/>
</kw>
<kw name="Click Element" owner="SeleniumLibrary">
<arg>${btn_departamento}</arg>
<doc>Click the element identified by ``locator``.</doc>
<status status="NOT RUN" start="2025-04-25T12:10:11.305755" elapsed="0.000017"/>
</kw>
<kw name="Wait Until Element Is Visible" owner="SeleniumLibrary">
<arg>${edit_1}</arg>
<doc>Waits until the element ``locator`` is visible.</doc>
<status status="NOT RUN" start="2025-04-25T12:10:11.305836" elapsed="0.000016"/>
</kw>
<kw name="Capture Page Screenshot" owner="SeleniumLibrary">
<arg>filename=20632ListarDepartamento.png</arg>
<doc>Takes a screenshot of the current page and embeds it into a log file.</doc>
<status status="NOT RUN" start="2025-04-25T12:10:11.305916" elapsed="0.000015"/>
</kw>
<kw name="Fechar Navegador">
<status status="NOT RUN" start="2025-04-25T12:10:11.306039" elapsed="0.000021"/>
</kw>
<status status="FAIL" start="2025-04-25T12:10:06.174585" elapsed="5.131619">Element '//span[contains(.,'Cadastros')]' not visible after 5 seconds.</status>
</kw>
<tag>ListarDep</tag>
<status status="FAIL" start="2025-04-25T12:09:56.924864" elapsed="14.381661">Element '//span[contains(.,'Cadastros')]' not visible after 5 seconds.</status>
</test>
<doc>ronbugado-academy13-front-robot</doc>
<status status="FAIL" start="2025-04-25T12:09:38.962963" elapsed="32.344065"/>
</suite>
<status status="FAIL" start="2025-04-25T12:09:38.949395" elapsed="32.358247"/>
</suite>
<statistics>
<total>
<stat pass="2" fail="5" skip="0">All Tests</stat>
</total>
<tag>
<stat pass="0" fail="1" skip="0">CadastroCen</stat>
<stat pass="0" fail="1" skip="0">CadastroDep</stat>
<stat pass="1" fail="0" skip="0">EditarCent</stat>
<stat pass="0" fail="1" skip="0">EditarDep</stat>
<stat pass="0" fail="1" skip="0">ListarCent</stat>
<stat pass="0" fail="1" skip="0">ListarDep</stat>
<stat pass="1" fail="0" skip="0">LoginSucesso</stat>
</tag>
<suite>
<stat name="Tests" id="s1" pass="2" fail="5" skip="0">Tests</stat>
<stat name="Web" id="s1-s1" pass="2" fail="5" skip="0">Tests.Web</stat>
</suite>
</statistics>
<errors>
</errors>
</robot>
